<?xml version="1.0" encoding="UTF-8"?>
<!-- Generated by org.testng.reporters.JUnitReportReporter -->
<testsuite skipped="0" hostname="DESKTOP-RV3ITU9" name="com.crm.qa.testcases.HomePageTest" tests="2" failures="0" timestamp="10 May 2019 07:02:30 GMT" time="40.448" errors="0">
  <testcase name="validatetitletest" time="15.537" classname="com.crm.qa.testcases.HomePageTest"/>
  <testcase name="loginlnktest" time="24.911" classname="com.crm.qa.testcases.HomePageTest"/>
</testsuite> <!-- com.crm.qa.testcases.HomePageTest -->
