<?xml version="1.0" encoding="UTF-8"?>
<!-- Generated by org.testng.reporters.JUnitReportReporter -->
<testsuite skipped="0" hostname="DESKTOP-RV3ITU9" name="com.crm.qa.testcases.LoginPageTest" tests="3" failures="0" timestamp="14 May 2019 22:22:37 GMT" time="103.897" errors="0">
  <testcase name="loginpageTitletest" time="43.987" classname="com.crm.qa.testcases.LoginPageTest"/>
  <testcase name="valid_loginpageTest" time="23.874" classname="com.crm.qa.testcases.LoginPageTest"/>
  <testcase name="valid_loginpageTest" time="36.036" classname="com.crm.qa.testcases.LoginPageTest"/>
</testsuite> <!-- com.crm.qa.testcases.LoginPageTest -->
